<?xml version="1.0" encoding="UTF-8"?>
<testsuite name="com.cardlytics.util.LinkedListHelperTest" tests="3" skipped="0" failures="0" errors="0" timestamp="2017-06-14T23:32:57" hostname="1178578-C02PW9L3G8WP" time="0.002">
  <properties/>
  <testcase name="checkValidInteger" classname="com.cardlytics.util.LinkedListHelperTest" time="0.001"/>
  <testcase name="testCheckValidInput" classname="com.cardlytics.util.LinkedListHelperTest" time="0.001"/>
  <testcase name="checkValidLength" classname="com.cardlytics.util.LinkedListHelperTest" time="0.0"/>
  <system-out><![CDATA[]]></system-out>
  <system-err><![CDATA[]]></system-err>
</testsuite>
