<?xml version="1.0" encoding="UTF-8"?>
<testsuite name="com.cardlytics.implementation.LinkedListTest" tests="7" skipped="0" failures="0" errors="0" timestamp="2017-06-14T23:32:57" hostname="1178578-C02PW9L3G8WP" time="0.004">
  <properties/>
  <testcase name="testGet5thFromLast" classname="com.cardlytics.implementation.LinkedListTest" time="0.002"/>
  <testcase name="testGetHeadNodeWhenNoNode" classname="com.cardlytics.implementation.LinkedListTest" time="0.0"/>
  <testcase name="testGetSize" classname="com.cardlytics.implementation.LinkedListTest" time="0.0"/>
  <testcase name="testGetHeadNode" classname="com.cardlytics.implementation.LinkedListTest" time="0.0"/>
  <testcase name="insertNewNode" classname="com.cardlytics.implementation.LinkedListTest" time="0.001"/>
  <testcase name="testGet10thFromLast" classname="com.cardlytics.implementation.LinkedListTest" time="0.0"/>
  <testcase name="testGetSizeIfNoNodeAddedd" classname="com.cardlytics.implementation.LinkedListTest" time="0.0"/>
  <system-out><![CDATA[]]></system-out>
  <system-err><![CDATA[]]></system-err>
</testsuite>
